#!/bin/bash

#
# Generated at: 2015-11-10T10:21:05
# This file was generated with the following options
#	--workflow	config2.yml
#

#
# Samples: SAMPLE1, SAMPLE2
#
#
# Starting Workflow
#

#
# 
#



#
# Variables 
# Indir: /home/jillian/projects/perl/BioX-Workflow/example/bydir/DATA
# Outdir: /home/jillian/projects/perl/BioX-Workflow/example/bydir/OUT/copy1
# Local Variables:
#!/bin/bash

#
# Generated at: 2015-11-10T10:21:48
# This file was generated with the following options
#	--workflow	config2.yml
#

#
# Samples: SAMPLE1, SAMPLE2
#
#
# Starting Workflow
#
copy1copy1$VAR1 = bless( {
                 'auto_name' => 1,
                 'key' => 'copy1',
                 'resample' => 0,
                 'comment_char' => '#',
                 'ARGV' => [
                             '--workflow',
                             'config2.yml'
                           ],
                 'process' => 'echo "Working on {$self->{indir}}/{$sample}/{$sample}.csv"
cp "{$self->INPUT}" "{$self->{outdir}}/{$sample}.csv"
',
                 'samples' => [
                                'SAMPLE1',
                                'SAMPLE2'
                              ],
                 'file_rule' => '(SAMPLE.*)$',
                 'global_attr' => bless( [
                                           {
                                             'indir' => '/home/jillian/projects/perl/BioX-Workflow/example/bydir/DATA'
                                           },
                                           {
                                             'outdir' => '/home/jillian/projects/perl/BioX-Workflow/example/bydir/OUT'
                                           },
                                           {
                                             'file_rule' => '(SAMPLE.*)$'
                                           },
                                           {
                                             'by_sample_outdir' => 1
                                           },
                                           {
                                             'find_by_dir' => 1
                                           }
                                         ], 'Data::Pairs' ),
                 'by_sample_outdir' => '1',
                 'enforce_struct' => 1,
                 'find_by_dir' => '1',
                 'outdir' => '/home/jillian/projects/perl/BioX-Workflow/example/bydir/OUT/copy1',
                 'workflow' => 'config2.yml',
                 'yaml' => {
                             'rules' => [
                                          {
                                            'copy1' => {
                                                         'local' => bless( [
                                                                             {
                                                                               'INPUT' => '{$self->indir}/{$sample}.csv'
                                                                             }
                                                                           ], 'Data::Pairs' ),
                                                         'before_meta' => 'THIS IS SOME META',
                                                         'process' => 'echo "Working on {$self->{indir}}/{$sample}/{$sample}.csv"
cp "{$self->INPUT}" "{$self->{outdir}}/{$sample}.csv"
'
                                                       }
                                          },
                                          {
                                            'copy2' => {
                                                         'process' => 'echo "Working on {$self->{indir}}/{$sample}.csv"
cp "{$self->{indir}}/{$sample}.csv" "{$self->{outdir}}/{$sample}.csv"
'
                                                       }
                                          }
                                        ],
                             'global' => $VAR1->{'global_attr'}
                           },
                 'wait' => 1,
                 'verbose' => 1,
                 'local_rule' => $VAR1->{'yaml'}{'rules'}[0],
                 'indir' => '/home/jillian/projects/perl/BioX-Workflow/example/bydir/DATA',
                 'auto_input' => 1,
                 'infiles' => [
                                '/home/jillian/projects/perl/BioX-Workflow/example/bydir/DATA/SAMPLE1',
                                '/home/jillian/projects/perl/BioX-Workflow/example/bydir/DATA/SAMPLE2'
                              ],
                 'rule_based' => 1,
                 'extra_argv' => [],
                 'local_attr' => $VAR1->{'yaml'}{'rules'}[0]{'copy1'}{'local'},
                 'sample_based' => 0,
                 'override_process' => 0,
                 'attr' => $VAR1->{'yaml'}{'rules'}[0]{'copy1'}{'local'}
               }, 'Main' );
HASH(0x49276b8)$VAR1 = bless( {
                 'auto_name' => 1,
                 'key' => 'copy1',
                 'resample' => 0,
                 'comment_char' => '#',
                 'ARGV' => [
                             '--workflow',
                             'config2.yml'
                           ],
                 'process' => 'echo "Working on {$self->{indir}}/{$sample}/{$sample}.csv"
cp "{$self->INPUT}" "{$self->{outdir}}/{$sample}.csv"
',
                 'samples' => [
                                'SAMPLE1',
                                'SAMPLE2'
                              ],
                 'file_rule' => '(SAMPLE.*)$',
                 'global_attr' => bless( [
                                           {
                                             'indir' => '/home/jillian/projects/perl/BioX-Workflow/example/bydir/DATA'
                                           },
                                           {
                                             'outdir' => '/home/jillian/projects/perl/BioX-Workflow/example/bydir/OUT'
                                           },
                                           {
                                             'file_rule' => '(SAMPLE.*)$'
                                           },
                                           {
                                             'by_sample_outdir' => 1
                                           },
                                           {
                                             'find_by_dir' => 1
                                           }
                                         ], 'Data::Pairs' ),
                 'by_sample_outdir' => '1',
                 'enforce_struct' => 1,
                 'find_by_dir' => '1',
                 'outdir' => '/home/jillian/projects/perl/BioX-Workflow/example/bydir/OUT/copy1',
                 'workflow' => 'config2.yml',
                 'yaml' => {
                             'rules' => [
                                          {
                                            'copy1' => {
                                                         'local' => bless( [
                                                                             {
                                                                               'INPUT' => '{$self->indir}/{$sample}.csv'
                                                                             }
                                                                           ], 'Data::Pairs' ),
                                                         'before_meta' => 'THIS IS SOME META',
                                                         'process' => 'echo "Working on {$self->{indir}}/{$sample}/{$sample}.csv"
cp "{$self->INPUT}" "{$self->{outdir}}/{$sample}.csv"
'
                                                       }
                                          },
                                          {
                                            'copy2' => {
                                                         'process' => 'echo "Working on {$self->{indir}}/{$sample}.csv"
cp "{$self->{indir}}/{$sample}.csv" "{$self->{outdir}}/{$sample}.csv"
'
                                                       }
                                          }
                                        ],
                             'global' => $VAR1->{'global_attr'}
                           },
                 'wait' => 1,
                 'verbose' => 1,
                 'local_rule' => $VAR1->{'yaml'}{'rules'}[0],
                 'indir' => '/home/jillian/projects/perl/BioX-Workflow/example/bydir/DATA',
                 'auto_input' => 1,
                 'infiles' => [
                                '/home/jillian/projects/perl/BioX-Workflow/example/bydir/DATA/SAMPLE1',
                                '/home/jillian/projects/perl/BioX-Workflow/example/bydir/DATA/SAMPLE2'
                              ],
                 'rule_based' => 1,
                 'extra_argv' => [],
                 'local_attr' => $VAR1->{'yaml'}{'rules'}[0]{'copy1'}{'local'},
                 'sample_based' => 0,
                 'override_process' => 0,
                 'attr' => $VAR1->{'yaml'}{'rules'}[0]{'copy1'}{'local'}
               }, 'Main' );
##!/bin/bash

#
# Generated at: 2015-11-10T10:23:04
# This file was generated with the following options
#	--workflow	config2.yml
#

#
# Samples: SAMPLE1, SAMPLE2
#
#
# Starting Workflow
#
$VAR1 = bless( {
                 'auto_input' => 1,
                 'global_attr' => bless( [
                                           {
                                             'indir' => '/home/jillian/projects/perl/BioX-Workflow/example/bydir/DATA'
                                           },
                                           {
                                             'outdir' => '/home/jillian/projects/perl/BioX-Workflow/example/bydir/OUT'
                                           },
                                           {
                                             'file_rule' => '(SAMPLE.*)$'
                                           },
                                           {
                                             'by_sample_outdir' => 1
                                           },
                                           {
                                             'find_by_dir' => 1
                                           }
                                         ], 'Data::Pairs' ),
                 'verbose' => 1,
                 'file_rule' => '(SAMPLE.*)$',
                 'comment_char' => '#',
                 'rule_based' => 1,
                 'ARGV' => [
                             '--workflow',
                             'config2.yml'
                           ],
                 'attr' => $VAR1->{'global_attr'},
                 'outdir' => '/home/jillian/projects/perl/BioX-Workflow/example/bydir/OUT/copy1',
                 'wait' => 1,
                 'sample_based' => 0,
                 'by_sample_outdir' => '1',
                 'find_by_dir' => '1',
                 'auto_name' => 1,
                 'enforce_struct' => 1,
                 'key' => 'copy1',
                 'indir' => '/home/jillian/projects/perl/BioX-Workflow/example/bydir/DATA',
                 'resample' => 0,
                 'local_attr' => bless( [], 'Data::Pairs' ),
                 'workflow' => 'config2.yml',
                 'yaml' => {
                             'rules' => [
                                          {
                                            'copy1' => {
                                                         'process' => 'echo "Working on {$self->{indir}}/{$sample}/{$sample}.csv"
cp "{$self->INPUT}" "{$self->{outdir}}/{$sample}.csv"
',
                                                         'before_meta' => 'THIS IS SOME META',
                                                         'local' => [
                                                                      {
                                                                        'INPUT' => '{$self->indir}/{$sample}.csv'
                                                                      }
                                                                    ]
                                                       }
                                          },
                                          {
                                            'copy2' => {
                                                         'process' => 'echo "Working on {$self->{indir}}/{$sample}.csv"
cp "{$self->{indir}}/{$sample}.csv" "{$self->{outdir}}/{$sample}.csv"
'
                                                       }
                                          }
                                        ],
                             'global' => $VAR1->{'global_attr'}
                           },
                 'local_rule' => $VAR1->{'yaml'}{'rules'}[0],
                 'samples' => [
                                'SAMPLE1',
                                'SAMPLE2'
                              ],
                 'extra_argv' => [],
                 'infiles' => [
                                '/home/jillian/projects/perl/BioX-Workflow/example/bydir/DATA/SAMPLE1',
                                '/home/jillian/projects/perl/BioX-Workflow/example/bydir/DATA/SAMPLE2'
                              ],
                 'override_process' => 0
               }, 'Main' );
